nohup: ignoring input
Namespace(batchSize=48, chop=False, cuda=True, loss='1*VGG54+0.01*GDL', lr=0.0001, nEpochs=1000, patchSize=64, pre_train='./experiment/G_0.105.pth', rgb_range=255, seed=123, testBatchSize=1, threads=4)
===> Loading datasets
===> Building model
Let's use 4 GPUs!
load model from ./experiment/G_0.105.pth ...
success!
Preparing loss function:
1.000 * VGG54
0.010 * GDL
Setting up [LPIPS] perceptual loss: trunk [alex], v[0.1], spatial [off]
Loading model from: /root/miniconda3/lib/python3.7/site-packages/lpips/weights/v0.1/alex.pth
===========> G_Epoch[1](1/2480): Loss: 0.602579
===> D_Epoch[1](1/2480): Loss: 0.693694
===========> G_Epoch[1](2/2480): Loss: 0.579938
===> D_Epoch[1](2/2480): Loss: 0.693403
===========> G_Epoch[1](3/2480): Loss: 0.617711
===> D_Epoch[1](3/2480): Loss: 0.692355
===========> G_Epoch[1](4/2480): Loss: 0.583464
===> D_Epoch[1](4/2480): Loss: 0.691769
===========> G_Epoch[1](5/2480): Loss: 0.632414
===> D_Epoch[1](5/2480): Loss: 0.692068
===========> G_Epoch[1](6/2480): Loss: 0.676412
===> D_Epoch[1](6/2480): Loss: 0.692560
===========> G_Epoch[1](7/2480): Loss: 0.700365
===> D_Epoch[1](7/2480): Loss: 0.692417
===========> G_Epoch[1](8/2480): Loss: 0.578661
===> D_Epoch[1](8/2480): Loss: 0.692533
===========> G_Epoch[1](9/2480): Loss: 0.768547
===> D_Epoch[1](9/2480): Loss: 0.692013
===========> G_Epoch[1](10/2480): Loss: 0.666212
===> D_Epoch[1](10/2480): Loss: 0.690576
===========> G_Epoch[1](11/2480): Loss: 0.616812
===> D_Epoch[1](11/2480): Loss: 0.691080
===========> G_Epoch[1](12/2480): Loss: 0.800834
===> D_Epoch[1](12/2480): Loss: 0.692172
===========> G_Epoch[1](13/2480): Loss: 0.682285
===> D_Epoch[1](13/2480): Loss: 0.692478
===========> G_Epoch[1](14/2480): Loss: 0.885140
===> D_Epoch[1](14/2480): Loss: 0.690066
===========> G_Epoch[1](15/2480): Loss: 0.675830
===> D_Epoch[1](15/2480): Loss: 0.691632
===========> G_Epoch[1](16/2480): Loss: 0.675467
===> D_Epoch[1](16/2480): Loss: 0.688464
===========> G_Epoch[1](17/2480): Loss: 0.629736
===> D_Epoch[1](17/2480): Loss: 0.690612
===========> G_Epoch[1](18/2480): Loss: 0.802008
===> D_Epoch[1](18/2480): Loss: 0.689549
===========> G_Epoch[1](19/2480): Loss: 0.603405
===> D_Epoch[1](19/2480): Loss: 0.689973
===========> G_Epoch[1](20/2480): Loss: 0.671348
===> D_Epoch[1](20/2480): Loss: 0.689921
===========> G_Epoch[1](21/2480): Loss: 0.571033
===> D_Epoch[1](21/2480): Loss: 0.690139
===========> G_Epoch[1](22/2480): Loss: 0.833314
===> D_Epoch[1](22/2480): Loss: 0.689965
===========> G_Epoch[1](23/2480): Loss: 0.710722
===> D_Epoch[1](23/2480): Loss: 0.690430
===========> G_Epoch[1](24/2480): Loss: 0.658732
===> D_Epoch[1](24/2480): Loss: 0.690760
===========> G_Epoch[1](25/2480): Loss: 0.635921
===> D_Epoch[1](25/2480): Loss: 0.690831
===========> G_Epoch[1](26/2480): Loss: 0.702064
===> D_Epoch[1](26/2480): Loss: 0.693095
===========> G_Epoch[1](27/2480): Loss: 0.658150
===> D_Epoch[1](27/2480): Loss: 0.689892
===========> G_Epoch[1](28/2480): Loss: 0.769127
===> D_Epoch[1](28/2480): Loss: 0.689634
===========> G_Epoch[1](29/2480): Loss: 0.671823
===> D_Epoch[1](29/2480): Loss: 0.687593
===========> G_Epoch[1](30/2480): Loss: 0.907912
===> D_Epoch[1](30/2480): Loss: 0.689062
===========> G_Epoch[1](31/2480): Loss: 0.577832
===> D_Epoch[1](31/2480): Loss: 0.687557
===========> G_Epoch[1](32/2480): Loss: 0.703160
===> D_Epoch[1](32/2480): Loss: 0.684825
===========> G_Epoch[1](33/2480): Loss: 0.548179
===> D_Epoch[1](33/2480): Loss: 0.685731
===========> G_Epoch[1](34/2480): Loss: 0.856111
===> D_Epoch[1](34/2480): Loss: 0.687437
===========> G_Epoch[1](35/2480): Loss: 0.711827
===> D_Epoch[1](35/2480): Loss: 0.685587
===========> G_Epoch[1](36/2480): Loss: 0.630167
===> D_Epoch[1](36/2480): Loss: 0.684072
===========> G_Epoch[1](37/2480): Loss: 0.724074
===> D_Epoch[1](37/2480): Loss: 0.686899
===========> G_Epoch[1](38/2480): Loss: 0.714865
===> D_Epoch[1](38/2480): Loss: 0.684644
===========> G_Epoch[1](39/2480): Loss: 0.641017
===> D_Epoch[1](39/2480): Loss: 0.686750
===========> G_Epoch[1](40/2480): Loss: 0.771073
===> D_Epoch[1](40/2480): Loss: 0.686695
===========> G_Epoch[1](41/2480): Loss: 0.665296
===> D_Epoch[1](41/2480): Loss: 0.687496
===========> G_Epoch[1](42/2480): Loss: 0.774208
===> D_Epoch[1](42/2480): Loss: 0.682180
===========> G_Epoch[1](43/2480): Loss: 0.811483
===> D_Epoch[1](43/2480): Loss: 0.685536
===========> G_Epoch[1](44/2480): Loss: 0.757458
===> D_Epoch[1](44/2480): Loss: 0.683572
===========> G_Epoch[1](45/2480): Loss: 0.730684
===> D_Epoch[1](45/2480): Loss: 0.684336
===========> G_Epoch[1](46/2480): Loss: 0.520415
===> D_Epoch[1](46/2480): Loss: 0.685326
===========> G_Epoch[1](47/2480): Loss: 0.951567
===> D_Epoch[1](47/2480): Loss: 0.680996
===========> G_Epoch[1](48/2480): Loss: 0.557988
===> D_Epoch[1](48/2480): Loss: 0.685569
===========> G_Epoch[1](49/2480): Loss: 0.637673
===> D_Epoch[1](49/2480): Loss: 0.684012
===========> G_Epoch[1](50/2480): Loss: 0.751481
===> D_Epoch[1](50/2480): Loss: 0.680409
===========> G_Epoch[1](51/2480): Loss: 0.560966
===> D_Epoch[1](51/2480): Loss: 0.682643
===========> G_Epoch[1](52/2480): Loss: 0.753651
===> D_Epoch[1](52/2480): Loss: 0.681021
===========> G_Epoch[1](53/2480): Loss: 0.718648
===> D_Epoch[1](53/2480): Loss: 0.675442
===========> G_Epoch[1](54/2480): Loss: 0.644299
===> D_Epoch[1](54/2480): Loss: 0.679610
===========> G_Epoch[1](55/2480): Loss: 0.799907
===> D_Epoch[1](55/2480): Loss: 0.678683
===========> G_Epoch[1](56/2480): Loss: 0.641904
===> D_Epoch[1](56/2480): Loss: 0.678179
===========> G_Epoch[1](57/2480): Loss: 0.808654
===> D_Epoch[1](57/2480): Loss: 0.681508
===========> G_Epoch[1](58/2480): Loss: 0.723890
===> D_Epoch[1](58/2480): Loss: 0.679257
===========> G_Epoch[1](59/2480): Loss: 0.627027
===> D_Epoch[1](59/2480): Loss: 0.673445
===========> G_Epoch[1](60/2480): Loss: 0.597039
===> D_Epoch[1](60/2480): Loss: 0.683866
===========> G_Epoch[1](61/2480): Loss: 0.746395
===> D_Epoch[1](61/2480): Loss: 0.671225
===========> G_Epoch[1](62/2480): Loss: 0.727662
===> D_Epoch[1](62/2480): Loss: 0.675358
===========> G_Epoch[1](63/2480): Loss: 0.650325
===> D_Epoch[1](63/2480): Loss: 0.681528
===========> G_Epoch[1](64/2480): Loss: 0.634182
===> D_Epoch[1](64/2480): Loss: 0.668750
===========> G_Epoch[1](65/2480): Loss: 0.555566
===> D_Epoch[1](65/2480): Loss: 0.672096
===========> G_Epoch[1](66/2480): Loss: 0.756847
===> D_Epoch[1](66/2480): Loss: 0.669049
===========> G_Epoch[1](67/2480): Loss: 0.576445
===> D_Epoch[1](67/2480): Loss: 0.677844
===========> G_Epoch[1](68/2480): Loss: 0.534582
===> D_Epoch[1](68/2480): Loss: 0.672750
===========> G_Epoch[1](69/2480): Loss: 0.747253
===> D_Epoch[1](69/2480): Loss: 0.674493
===========> G_Epoch[1](70/2480): Loss: 0.607793
===> D_Epoch[1](70/2480): Loss: 0.678018
===========> G_Epoch[1](71/2480): Loss: 0.660398
===> D_Epoch[1](71/2480): Loss: 0.675165
===========> G_Epoch[1](72/2480): Loss: 0.683667
===> D_Epoch[1](72/2480): Loss: 0.678779
===========> G_Epoch[1](73/2480): Loss: 0.705301
===> D_Epoch[1](73/2480): Loss: 0.666393
===========> G_Epoch[1](74/2480): Loss: 0.699946
===> D_Epoch[1](74/2480): Loss: 0.671059
===========> G_Epoch[1](75/2480): Loss: 0.586329
===> D_Epoch[1](75/2480): Loss: 0.677792
===========> G_Epoch[1](76/2480): Loss: 0.725330
===> D_Epoch[1](76/2480): Loss: 0.668409
===========> G_Epoch[1](77/2480): Loss: 0.663972
===> D_Epoch[1](77/2480): Loss: 0.671327
===========> G_Epoch[1](78/2480): Loss: 0.676526
===> D_Epoch[1](78/2480): Loss: 0.663765
===========> G_Epoch[1](79/2480): Loss: 0.780222
===> D_Epoch[1](79/2480): Loss: 0.662769
===========> G_Epoch[1](80/2480): Loss: 0.534459
===> D_Epoch[1](80/2480): Loss: 0.671013
===========> G_Epoch[1](81/2480): Loss: 0.765932
===> D_Epoch[1](81/2480): Loss: 0.675804
===========> G_Epoch[1](82/2480): Loss: 0.699235
===> D_Epoch[1](82/2480): Loss: 0.667648
===========> G_Epoch[1](83/2480): Loss: 0.675082
===> D_Epoch[1](83/2480): Loss: 0.674332
===========> G_Epoch[1](84/2480): Loss: 0.656711
===> D_Epoch[1](84/2480): Loss: 0.678156
===========> G_Epoch[1](85/2480): Loss: 0.587912
===> D_Epoch[1](85/2480): Loss: 0.670278
===========> G_Epoch[1](86/2480): Loss: 0.653188
===> D_Epoch[1](86/2480): Loss: 0.664572
===========> G_Epoch[1](87/2480): Loss: 0.524922
===> D_Epoch[1](87/2480): Loss: 0.674383
===========> G_Epoch[1](88/2480): Loss: 0.650325
===> D_Epoch[1](88/2480): Loss: 0.669905
===========> G_Epoch[1](89/2480): Loss: 0.667767
===> D_Epoch[1](89/2480): Loss: 0.655754
===========> G_Epoch[1](90/2480): Loss: 0.692500
===> D_Epoch[1](90/2480): Loss: 0.646250
===========> G_Epoch[1](91/2480): Loss: 0.753363
===> D_Epoch[1](91/2480): Loss: 0.653175
===========> G_Epoch[1](92/2480): Loss: 0.727835
===> D_Epoch[1](92/2480): Loss: 0.653853
===========> G_Epoch[1](93/2480): Loss: 0.657246
===> D_Epoch[1](93/2480): Loss: 0.638618
===========> G_Epoch[1](94/2480): Loss: 0.567484
===> D_Epoch[1](94/2480): Loss: 0.661744
===========> G_Epoch[1](95/2480): Loss: 0.670602
===> D_Epoch[1](95/2480): Loss: 0.661104
===========> G_Epoch[1](96/2480): Loss: 0.601656
===> D_Epoch[1](96/2480): Loss: 0.654999
===========> G_Epoch[1](97/2480): Loss: 0.664345
===> D_Epoch[1](97/2480): Loss: 0.658985
===========> G_Epoch[1](98/2480): Loss: 0.740867
===> D_Epoch[1](98/2480): Loss: 0.663750
===========> G_Epoch[1](99/2480): Loss: 0.580388
===> D_Epoch[1](99/2480): Loss: 0.654441
===========> G_Epoch[1](100/2480): Loss: 0.698221
===> D_Epoch[1](100/2480): Loss: 0.669262
===========> G_Epoch[1](101/2480): Loss: 0.634113
===> D_Epoch[1](101/2480): Loss: 0.673608
===========> G_Epoch[1](102/2480): Loss: 0.701320
===> D_Epoch[1](102/2480): Loss: 0.664641
===========> G_Epoch[1](103/2480): Loss: 0.699607
===> D_Epoch[1](103/2480): Loss: 0.661487
===========> G_Epoch[1](104/2480): Loss: 0.660330
===> D_Epoch[1](104/2480): Loss: 0.678025
===========> G_Epoch[1](105/2480): Loss: 0.531991
===> D_Epoch[1](105/2480): Loss: 0.656442
===========> G_Epoch[1](106/2480): Loss: 0.739273
===> D_Epoch[1](106/2480): Loss: 0.652273
===========> G_Epoch[1](107/2480): Loss: 0.724149
===> D_Epoch[1](107/2480): Loss: 0.657542
===========> G_Epoch[1](108/2480): Loss: 0.634909
===> D_Epoch[1](108/2480): Loss: 0.659186
===========> G_Epoch[1](109/2480): Loss: 0.750771
===> D_Epoch[1](109/2480): Loss: 0.653837
===========> G_Epoch[1](110/2480): Loss: 0.612480
===> D_Epoch[1](110/2480): Loss: 0.631025
===========> G_Epoch[1](111/2480): Loss: 0.657408
===> D_Epoch[1](111/2480): Loss: 0.646880
===========> G_Epoch[1](112/2480): Loss: 0.588225
===> D_Epoch[1](112/2480): Loss: 0.652744
===========> G_Epoch[1](113/2480): Loss: 0.613615
===> D_Epoch[1](113/2480): Loss: 0.626486
===========> G_Epoch[1](114/2480): Loss: 0.537848
===> D_Epoch[1](114/2480): Loss: 0.640663
===========> G_Epoch[1](115/2480): Loss: 0.629201
===> D_Epoch[1](115/2480): Loss: 0.640013
===========> G_Epoch[1](116/2480): Loss: 0.668332
===> D_Epoch[1](116/2480): Loss: 0.658126
===========> G_Epoch[1](117/2480): Loss: 0.787229
===> D_Epoch[1](117/2480): Loss: 0.627793
===========> G_Epoch[1](118/2480): Loss: 0.651282
===> D_Epoch[1](118/2480): Loss: 0.637082
===========> G_Epoch[1](119/2480): Loss: 0.568869
===> D_Epoch[1](119/2480): Loss: 0.641963
===========> G_Epoch[1](120/2480): Loss: 0.598766
===> D_Epoch[1](120/2480): Loss: 0.646940
===========> G_Epoch[1](121/2480): Loss: 0.706887
===> D_Epoch[1](121/2480): Loss: 0.629910
===========> G_Epoch[1](122/2480): Loss: 0.745216
===> D_Epoch[1](122/2480): Loss: 0.626081
===========> G_Epoch[1](123/2480): Loss: 0.575885
===> D_Epoch[1](123/2480): Loss: 0.673086
===========> G_Epoch[1](124/2480): Loss: 0.691628
===> D_Epoch[1](124/2480): Loss: 0.634280
===========> G_Epoch[1](125/2480): Loss: 0.709464
===> D_Epoch[1](125/2480): Loss: 0.656004
===========> G_Epoch[1](126/2480): Loss: 0.724381
===> D_Epoch[1](126/2480): Loss: 0.665759
===========> G_Epoch[1](127/2480): Loss: 0.635446
===> D_Epoch[1](127/2480): Loss: 0.621437
===========> G_Epoch[1](128/2480): Loss: 0.704760
===> D_Epoch[1](128/2480): Loss: 0.657875
===========> G_Epoch[1](129/2480): Loss: 0.654288
===> D_Epoch[1](129/2480): Loss: 0.638379
===========> G_Epoch[1](130/2480): Loss: 0.650475
===> D_Epoch[1](130/2480): Loss: 0.635255
===========> G_Epoch[1](131/2480): Loss: 0.739634
===> D_Epoch[1](131/2480): Loss: 0.653647
===========> G_Epoch[1](132/2480): Loss: 0.676570
===> D_Epoch[1](132/2480): Loss: 0.636119
===========> G_Epoch[1](133/2480): Loss: 0.618111
===> D_Epoch[1](133/2480): Loss: 0.611385
===========> G_Epoch[1](134/2480): Loss: 0.621155
===> D_Epoch[1](134/2480): Loss: 0.666612
===========> G_Epoch[1](135/2480): Loss: 0.694968
===> D_Epoch[1](135/2480): Loss: 0.597211
===========> G_Epoch[1](136/2480): Loss: 0.566097
===> D_Epoch[1](136/2480): Loss: 0.627174
===========> G_Epoch[1](137/2480): Loss: 0.828457
===> D_Epoch[1](137/2480): Loss: 0.606432
===========> G_Epoch[1](138/2480): Loss: 0.589069
===> D_Epoch[1](138/2480): Loss: 0.618298
===========> G_Epoch[1](139/2480): Loss: 0.706860
===> D_Epoch[1](139/2480): Loss: 0.590086
===========> G_Epoch[1](140/2480): Loss: 0.571840
===> D_Epoch[1](140/2480): Loss: 0.636575
===========> G_Epoch[1](141/2480): Loss: 0.712623
===> D_Epoch[1](141/2480): Loss: 0.628274
===========> G_Epoch[1](142/2480): Loss: 0.583824
===> D_Epoch[1](142/2480): Loss: 0.631502
===========> G_Epoch[1](143/2480): Loss: 0.716215
===> D_Epoch[1](143/2480): Loss: 0.621439
===========> G_Epoch[1](144/2480): Loss: 0.585102
===> D_Epoch[1](144/2480): Loss: 0.602765
===========> G_Epoch[1](145/2480): Loss: 0.637823
===> D_Epoch[1](145/2480): Loss: 0.601704
===========> G_Epoch[1](146/2480): Loss: 0.676867
===> D_Epoch[1](146/2480): Loss: 0.613776
===========> G_Epoch[1](147/2480): Loss: 0.617834
===> D_Epoch[1](147/2480): Loss: 0.555074
===========> G_Epoch[1](148/2480): Loss: 0.626021
===> D_Epoch[1](148/2480): Loss: 0.587783
===========> G_Epoch[1](149/2480): Loss: 0.585392
===> D_Epoch[1](149/2480): Loss: 0.663458
===========> G_Epoch[1](150/2480): Loss: 0.707349
===> D_Epoch[1](150/2480): Loss: 0.636008
===========> G_Epoch[1](151/2480): Loss: 0.623595
===> D_Epoch[1](151/2480): Loss: 0.649530
===========> G_Epoch[1](152/2480): Loss: 0.714449
===> D_Epoch[1](152/2480): Loss: 0.637728
===========> G_Epoch[1](153/2480): Loss: 0.651532
===> D_Epoch[1](153/2480): Loss: 0.602089
===========> G_Epoch[1](154/2480): Loss: 0.753479
===> D_Epoch[1](154/2480): Loss: 0.643699
===========> G_Epoch[1](155/2480): Loss: 0.786806
===> D_Epoch[1](155/2480): Loss: 0.593363
===========> G_Epoch[1](156/2480): Loss: 0.609594
===> D_Epoch[1](156/2480): Loss: 0.619617
===========> G_Epoch[1](157/2480): Loss: 0.675335
===> D_Epoch[1](157/2480): Loss: 0.621013
===========> G_Epoch[1](158/2480): Loss: 0.761081
===> D_Epoch[1](158/2480): Loss: 0.645448
===========> G_Epoch[1](159/2480): Loss: 0.505887
===> D_Epoch[1](159/2480): Loss: 0.575165
===========> G_Epoch[1](160/2480): Loss: 0.866795
===> D_Epoch[1](160/2480): Loss: 0.544500
===========> G_Epoch[1](161/2480): Loss: 0.891230
===> D_Epoch[1](161/2480): Loss: 0.643604
===========> G_Epoch[1](162/2480): Loss: 0.620839
===> D_Epoch[1](162/2480): Loss: 0.565368
===========> G_Epoch[1](163/2480): Loss: 0.883174
===> D_Epoch[1](163/2480): Loss: 0.548823
===========> G_Epoch[1](164/2480): Loss: 0.714278
===> D_Epoch[1](164/2480): Loss: 0.563060
===========> G_Epoch[1](165/2480): Loss: 0.841961
===> D_Epoch[1](165/2480): Loss: 0.635694
===========> G_Epoch[1](166/2480): Loss: 0.720440
===> D_Epoch[1](166/2480): Loss: 0.568866
===========> G_Epoch[1](167/2480): Loss: 0.866635
===> D_Epoch[1](167/2480): Loss: 0.567827
===========> G_Epoch[1](168/2480): Loss: 0.725834
===> D_Epoch[1](168/2480): Loss: 0.599858
===========> G_Epoch[1](169/2480): Loss: 0.553892
===> D_Epoch[1](169/2480): Loss: 0.636526
===========> G_Epoch[1](170/2480): Loss: 0.633763
===> D_Epoch[1](170/2480): Loss: 0.575404
===========> G_Epoch[1](171/2480): Loss: 0.524856
===> D_Epoch[1](171/2480): Loss: 0.564890
===========> G_Epoch[1](172/2480): Loss: 0.742836
===> D_Epoch[1](172/2480): Loss: 0.566688
===========> G_Epoch[1](173/2480): Loss: 0.564464
===> D_Epoch[1](173/2480): Loss: 0.541296
===========> G_Epoch[1](174/2480): Loss: 0.685198
===> D_Epoch[1](174/2480): Loss: 0.573017
===========> G_Epoch[1](175/2480): Loss: 0.744360
===> D_Epoch[1](175/2480): Loss: 0.593176
===========> G_Epoch[1](176/2480): Loss: 0.688141
===> D_Epoch[1](176/2480): Loss: 0.584106
===========> G_Epoch[1](177/2480): Loss: 0.564732
===> D_Epoch[1](177/2480): Loss: 0.685417
===========> G_Epoch[1](178/2480): Loss: 0.759599
===> D_Epoch[1](178/2480): Loss: 0.582605
===========> G_Epoch[1](179/2480): Loss: 0.785640
===> D_Epoch[1](179/2480): Loss: 0.639385
===========> G_Epoch[1](180/2480): Loss: 0.732018
===> D_Epoch[1](180/2480): Loss: 0.638482
===========> G_Epoch[1](181/2480): Loss: 0.663259
===> D_Epoch[1](181/2480): Loss: 0.589414
===========> G_Epoch[1](182/2480): Loss: 0.704637
===> D_Epoch[1](182/2480): Loss: 0.556985
===========> G_Epoch[1](183/2480): Loss: 0.660283
===> D_Epoch[1](183/2480): Loss: 0.601315
===========> G_Epoch[1](184/2480): Loss: 0.816465
===> D_Epoch[1](184/2480): Loss: 0.565302
===========> G_Epoch[1](185/2480): Loss: 0.736095
===> D_Epoch[1](185/2480): Loss: 0.570836
===========> G_Epoch[1](186/2480): Loss: 0.776088
===> D_Epoch[1](186/2480): Loss: 0.522142
===========> G_Epoch[1](187/2480): Loss: 0.789840
===> D_Epoch[1](187/2480): Loss: 0.589005
===========> G_Epoch[1](188/2480): Loss: 0.597464
===> D_Epoch[1](188/2480): Loss: 0.600567
===========> G_Epoch[1](189/2480): Loss: 0.678025
===> D_Epoch[1](189/2480): Loss: 0.555706
===========> G_Epoch[1](190/2480): Loss: 0.803028
===> D_Epoch[1](190/2480): Loss: 0.579513
===========> G_Epoch[1](191/2480): Loss: 0.543961
===> D_Epoch[1](191/2480): Loss: 0.491181
===========> G_Epoch[1](192/2480): Loss: 0.863675
===> D_Epoch[1](192/2480): Loss: 0.567354
===========> G_Epoch[1](193/2480): Loss: 0.642777
===> D_Epoch[1](193/2480): Loss: 0.477565
===========> G_Epoch[1](194/2480): Loss: 0.786025
===> D_Epoch[1](194/2480): Loss: 0.514231
===========> G_Epoch[1](195/2480): Loss: 0.582855
===> D_Epoch[1](195/2480): Loss: 0.599158
===========> G_Epoch[1](196/2480): Loss: 0.588425
===> D_Epoch[1](196/2480): Loss: 0.589480
===========> G_Epoch[1](197/2480): Loss: 0.689541
===> D_Epoch[1](197/2480): Loss: 0.557195
===========> G_Epoch[1](198/2480): Loss: 0.738934
===> D_Epoch[1](198/2480): Loss: 0.645688
===========> G_Epoch[1](199/2480): Loss: 0.655434
===> D_Epoch[1](199/2480): Loss: 0.535646
===========> G_Epoch[1](200/2480): Loss: 0.772300
===> D_Epoch[1](200/2480): Loss: 0.555891
===========> G_Epoch[1](201/2480): Loss: 0.740632
===> D_Epoch[1](201/2480): Loss: 0.559277
===========> G_Epoch[1](202/2480): Loss: 0.750233
===> D_Epoch[1](202/2480): Loss: 0.518358
===========> G_Epoch[1](203/2480): Loss: 0.726710
===> D_Epoch[1](203/2480): Loss: 0.492752
===========> G_Epoch[1](204/2480): Loss: 0.760568
===> D_Epoch[1](204/2480): Loss: 0.586332
===========> G_Epoch[1](205/2480): Loss: 0.602720
===> D_Epoch[1](205/2480): Loss: 0.517712
===========> G_Epoch[1](206/2480): Loss: 0.580848
===> D_Epoch[1](206/2480): Loss: 0.558884
===========> G_Epoch[1](207/2480): Loss: 0.682984
===> D_Epoch[1](207/2480): Loss: 0.490756
===========> G_Epoch[1](208/2480): Loss: 0.728567
===> D_Epoch[1](208/2480): Loss: 0.581299
===========> G_Epoch[1](209/2480): Loss: 0.705431
===> D_Epoch[1](209/2480): Loss: 0.537841
===========> G_Epoch[1](210/2480): Loss: 0.696672
===> D_Epoch[1](210/2480): Loss: 0.525313
===========> G_Epoch[1](211/2480): Loss: 0.694733
===> D_Epoch[1](211/2480): Loss: 0.526057
===========> G_Epoch[1](212/2480): Loss: 0.697949
===> D_Epoch[1](212/2480): Loss: 0.483809
===========> G_Epoch[1](213/2480): Loss: 0.732901
===> D_Epoch[1](213/2480): Loss: 0.478802
===========> G_Epoch[1](214/2480): Loss: 0.684462
===> D_Epoch[1](214/2480): Loss: 0.487458
===========> G_Epoch[1](215/2480): Loss: 0.716361
===> D_Epoch[1](215/2480): Loss: 0.517616
===========> G_Epoch[1](216/2480): Loss: 0.721406
===> D_Epoch[1](216/2480): Loss: 0.511829
===========> G_Epoch[1](217/2480): Loss: 0.577743
===> D_Epoch[1](217/2480): Loss: 0.459310
===========> G_Epoch[1](218/2480): Loss: 0.797630
===> D_Epoch[1](218/2480): Loss: 0.462232
===========> G_Epoch[1](219/2480): Loss: 0.725482
===> D_Epoch[1](219/2480): Loss: 0.439448
===========> G_Epoch[1](220/2480): Loss: 0.692075
===> D_Epoch[1](220/2480): Loss: 0.520803
===========> G_Epoch[1](221/2480): Loss: 0.703123
===> D_Epoch[1](221/2480): Loss: 0.539063
===========> G_Epoch[1](222/2480): Loss: 0.578072
===> D_Epoch[1](222/2480): Loss: 0.561599
===========> G_Epoch[1](223/2480): Loss: 0.656922
===> D_Epoch[1](223/2480): Loss: 0.445248
===========> G_Epoch[1](224/2480): Loss: 0.554123
===> D_Epoch[1](224/2480): Loss: 0.549951
===========> G_Epoch[1](225/2480): Loss: 0.599126
===> D_Epoch[1](225/2480): Loss: 0.454373
===========> G_Epoch[1](226/2480): Loss: 0.713651
===> D_Epoch[1](226/2480): Loss: 0.527970
===========> G_Epoch[1](227/2480): Loss: 0.799909
===> D_Epoch[1](227/2480): Loss: 0.505719
===========> G_Epoch[1](228/2480): Loss: 0.709339
===> D_Epoch[1](228/2480): Loss: 0.508235
===========> G_Epoch[1](229/2480): Loss: 0.764700
===> D_Epoch[1](229/2480): Loss: 0.515341
===========> G_Epoch[1](230/2480): Loss: 0.652058
===> D_Epoch[1](230/2480): Loss: 0.552064
===========> G_Epoch[1](231/2480): Loss: 0.568701
===> D_Epoch[1](231/2480): Loss: 0.508367
===========> G_Epoch[1](232/2480): Loss: 0.668142
===> D_Epoch[1](232/2480): Loss: 0.527228
===========> G_Epoch[1](233/2480): Loss: 0.734339
===> D_Epoch[1](233/2480): Loss: 0.546706
===========> G_Epoch[1](234/2480): Loss: 0.732828
===> D_Epoch[1](234/2480): Loss: 0.488703
===========> G_Epoch[1](235/2480): Loss: 0.745559
===> D_Epoch[1](235/2480): Loss: 0.527095
===========> G_Epoch[1](236/2480): Loss: 0.726305
===> D_Epoch[1](236/2480): Loss: 0.484224
===========> G_Epoch[1](237/2480): Loss: 0.790897
===> D_Epoch[1](237/2480): Loss: 0.542074
===========> G_Epoch[1](238/2480): Loss: 0.623798
===> D_Epoch[1](238/2480): Loss: 0.571746
===========> G_Epoch[1](239/2480): Loss: 0.688917
===> D_Epoch[1](239/2480): Loss: 0.529789
===========> G_Epoch[1](240/2480): Loss: 0.679145
===> D_Epoch[1](240/2480): Loss: 0.513102
===========> G_Epoch[1](241/2480): Loss: 0.578567
===> D_Epoch[1](241/2480): Loss: 0.520327
===========> G_Epoch[1](242/2480): Loss: 0.904228
===> D_Epoch[1](242/2480): Loss: 0.522256
===========> G_Epoch[1](243/2480): Loss: 0.757407
===> D_Epoch[1](243/2480): Loss: 0.477134
===========> G_Epoch[1](244/2480): Loss: 0.825435
===> D_Epoch[1](244/2480): Loss: 0.543432
===========> G_Epoch[1](245/2480): Loss: 0.690570
===> D_Epoch[1](245/2480): Loss: 0.547773
===========> G_Epoch[1](246/2480): Loss: 0.737128
===> D_Epoch[1](246/2480): Loss: 0.443144
===========> G_Epoch[1](247/2480): Loss: 0.536506
===> D_Epoch[1](247/2480): Loss: 0.522342
===========> G_Epoch[1](248/2480): Loss: 0.572841
===> D_Epoch[1](248/2480): Loss: 0.581908
===========> G_Epoch[1](249/2480): Loss: 0.585611
===> D_Epoch[1](249/2480): Loss: 0.498474
===========> G_Epoch[1](250/2480): Loss: 0.613903
===> D_Epoch[1](250/2480): Loss: 0.537875
===========> G_Epoch[1](251/2480): Loss: 0.630512
===> D_Epoch[1](251/2480): Loss: 0.594398
===========> G_Epoch[1](252/2480): Loss: 0.611004
===> D_Epoch[1](252/2480): Loss: 0.508897
===========> G_Epoch[1](253/2480): Loss: 0.724199
===> D_Epoch[1](253/2480): Loss: 0.508172
===========> G_Epoch[1](254/2480): Loss: 0.630585
===> D_Epoch[1](254/2480): Loss: 0.525319
===========> G_Epoch[1](255/2480): Loss: 0.607842
===> D_Epoch[1](255/2480): Loss: 0.569570
===========> G_Epoch[1](256/2480): Loss: 0.774453
===> D_Epoch[1](256/2480): Loss: 0.488913
===========> G_Epoch[1](257/2480): Loss: 0.576129
===> D_Epoch[1](257/2480): Loss: 0.486890
===========> G_Epoch[1](258/2480): Loss: 0.837477
===> D_Epoch[1](258/2480): Loss: 0.496865
===========> G_Epoch[1](259/2480): Loss: 0.919086
===> D_Epoch[1](259/2480): Loss: 0.473480
===========> G_Epoch[1](260/2480): Loss: 0.770716
===> D_Epoch[1](260/2480): Loss: 0.495170
===========> G_Epoch[1](261/2480): Loss: 0.684793
===> D_Epoch[1](261/2480): Loss: 0.513747
===========> G_Epoch[1](262/2480): Loss: 0.649816
===> D_Epoch[1](262/2480): Loss: 0.531403
===========> G_Epoch[1](263/2480): Loss: 0.599220
===> D_Epoch[1](263/2480): Loss: 0.569556
===========> G_Epoch[1](264/2480): Loss: 0.607076
===> D_Epoch[1](264/2480): Loss: 0.585406
===========> G_Epoch[1](265/2480): Loss: 0.764349
===> D_Epoch[1](265/2480): Loss: 0.483274
===========> G_Epoch[1](266/2480): Loss: 0.728308
===> D_Epoch[1](266/2480): Loss: 0.459594
===========> G_Epoch[1](267/2480): Loss: 0.619585
===> D_Epoch[1](267/2480): Loss: 0.594709
===========> G_Epoch[1](268/2480): Loss: 0.581563
===> D_Epoch[1](268/2480): Loss: 0.508669
===========> G_Epoch[1](269/2480): Loss: 0.758803
===> D_Epoch[1](269/2480): Loss: 0.498701
===========> G_Epoch[1](270/2480): Loss: 0.733062
===> D_Epoch[1](270/2480): Loss: 0.555503
===========> G_Epoch[1](271/2480): Loss: 0.667246
===> D_Epoch[1](271/2480): Loss: 0.495256
===========> G_Epoch[1](272/2480): Loss: 0.707587
===> D_Epoch[1](272/2480): Loss: 0.501709
===========> G_Epoch[1](273/2480): Loss: 0.626180
===> D_Epoch[1](273/2480): Loss: 0.556133
===========> G_Epoch[1](274/2480): Loss: 0.691373
===> D_Epoch[1](274/2480): Loss: 0.504461
